failed to get value of stat "chaotic_warps"
[WARNING]: returning cached value of "chaotic_warps"...
failed to get value of stat "precise_warps"
[WARNING]: returning cached value of "precise_warps"...
failed to get value of stat "calcifications"
[WARNING]: returning cached value of "calcifications"...
failed to get value of stat "repulsions"
[WARNING]: returning cached value of "repulsions"...
failed to get value of stat "annihilations"
[WARNING]: returning cached value of "annihilations"...
failed to get value of stat "incorporealizations"
[WARNING]: returning cached value of "incorporealizations"...
failed to get value of stat "cerebral_invocations"
[WARNING]: returning cached value of "cerebral_invocations"...
failed to get value of stat "infernal_invocations"
[WARNING]: returning cached value of "infernal_invocations"...
failed to get value of stat "calamitous_retaliations"
[WARNING]: returning cached value of "calamitous_retaliations"...
failed to get value of stat "flith_consumed"
[WARNING]: returning cached value of "flith_consumed"...
failed to get value of stat "ectoplasm_consumed"
[WARNING]: returning cached value of "ectoplasm_consumed"...
failed to get value of stat "manslings_slain"
[WARNING]: returning cached value of "manslings_slain"...
failed to get value of stat "medicii_slain"
[WARNING]: returning cached value of "medicii_slain"...
failed to get value of stat "hexeaters_slain"
[WARNING]: returning cached value of "hexeaters_slain"...
